18/06/22 14:10:53 INFO SparkContext: Running Spark version 2.2.0
18/06/22 14:10:53 WARN NativeCodeLoader: Unable to load native-hadoop library for your platform... using builtin-java classes where applicable
18/06/22 14:10:54 INFO SparkContext: Submitted application: sparklyr
18/06/22 14:10:54 INFO SecurityManager: Changing view acls to: E69275
18/06/22 14:10:54 INFO SecurityManager: Changing modify acls to: E69275
18/06/22 14:10:54 INFO SecurityManager: Changing view acls groups to: 
18/06/22 14:10:54 INFO SecurityManager: Changing modify acls groups to: 
18/06/22 14:10:54 INFO SecurityManager: SecurityManager: authentication disabled; ui acls disabled; users  with view permissions: Set(E69275); groups with view permissions: Set(); users  with modify permissions: Set(E69275); groups with modify permissions: Set()
18/06/22 14:10:54 INFO Utils: Successfully started service 'sparkDriver' on port 34163.
18/06/22 14:10:54 INFO SparkEnv: Registering MapOutputTracker
18/06/22 14:10:54 INFO SparkEnv: Registering BlockManagerMaster
18/06/22 14:10:54 INFO BlockManagerMasterEndpoint: Using org.apache.spark.storage.DefaultTopologyMapper for getting topology information
18/06/22 14:10:54 INFO BlockManagerMasterEndpoint: BlockManagerMasterEndpoint up
18/06/22 14:10:54 INFO DiskBlockManager: Created local directory at /tmp/blockmgr-bb773eeb-cf38-4bdc-a43f-82094fcb1d92
18/06/22 14:10:54 INFO MemoryStore: MemoryStore started with capacity 366.3 MB
18/06/22 14:10:54 INFO SparkEnv: Registering OutputCommitCoordinator
18/06/22 14:10:54 INFO Utils: Successfully started service 'SparkUI' on port 4040.
18/06/22 14:10:54 INFO SparkUI: Bound SparkUI to 127.0.0.1, and started at http://127.0.0.1:4040
18/06/22 14:10:54 INFO SparkContext: Added JAR file:/home/E69275/rpacks/sparklyr/java/sparklyr-2.2-2.11.jar at spark://127.0.0.1:34163/jars/sparklyr-2.2-2.11.jar with timestamp 1529669454465
18/06/22 14:10:54 INFO Executor: Starting executor ID driver on host localhost
18/06/22 14:10:54 INFO Utils: Successfully started service 'org.apache.spark.network.netty.NettyBlockTransferService' on port 41893.
18/06/22 14:10:54 INFO NettyBlockTransferService: Server created on 127.0.0.1:41893
18/06/22 14:10:54 INFO BlockManager: Using org.apache.spark.storage.RandomBlockReplicationPolicy for block replication policy
18/06/22 14:10:54 INFO BlockManagerMaster: Registering BlockManager BlockManagerId(driver, 127.0.0.1, 41893, None)
18/06/22 14:10:54 INFO BlockManagerMasterEndpoint: Registering block manager 127.0.0.1:41893 with 366.3 MB RAM, BlockManagerId(driver, 127.0.0.1, 41893, None)
18/06/22 14:10:54 INFO BlockManagerMaster: Registered BlockManager BlockManagerId(driver, 127.0.0.1, 41893, None)
18/06/22 14:10:54 INFO BlockManager: Initialized BlockManager: BlockManagerId(driver, 127.0.0.1, 41893, None)
18/06/22 14:10:55 WARN SparkContext: Using an existing SparkContext; some configuration may not take effect.
18/06/22 14:10:55 INFO SharedState: loading hive config file: file:/home/E69275/spark/spark-2.2.0-bin-hadoop2.7/conf/hive-site.xml
18/06/22 14:10:55 INFO SharedState: Setting hive.metastore.warehouse.dir ('null') to the value of spark.sql.warehouse.dir ('file:/home/E69275/Documents/PhD/CaliCo/spark-warehouse').
18/06/22 14:10:55 INFO SharedState: Warehouse path is 'file:/home/E69275/Documents/PhD/CaliCo/spark-warehouse'.
18/06/22 14:10:55 INFO HiveUtils: Initializing HiveMetastoreConnection version 1.2.1 using Spark classes.
18/06/22 14:10:55 INFO HiveMetaStore: 0: Opening raw store with implemenation class:org.apache.hadoop.hive.metastore.ObjectStore
18/06/22 14:10:56 INFO ObjectStore: ObjectStore, initialize called
18/06/22 14:10:56 INFO Persistence: Property hive.metastore.integral.jdo.pushdown unknown - will be ignored
18/06/22 14:10:56 INFO Persistence: Property datanucleus.cache.level2 unknown - will be ignored
18/06/22 14:10:57 INFO ObjectStore: Setting MetaStore object pin classes with hive.metastore.cache.pinobjtypes="Table,StorageDescriptor,SerDeInfo,Partition,Database,Type,FieldSchema,Order"
18/06/22 14:10:57 INFO Datastore: The class "org.apache.hadoop.hive.metastore.model.MFieldSchema" is tagged as "embedded-only" so does not have its own datastore table.
18/06/22 14:10:57 INFO Datastore: The class "org.apache.hadoop.hive.metastore.model.MOrder" is tagged as "embedded-only" so does not have its own datastore table.
18/06/22 14:10:58 INFO Datastore: The class "org.apache.hadoop.hive.metastore.model.MFieldSchema" is tagged as "embedded-only" so does not have its own datastore table.
18/06/22 14:10:58 INFO Datastore: The class "org.apache.hadoop.hive.metastore.model.MOrder" is tagged as "embedded-only" so does not have its own datastore table.
18/06/22 14:10:58 INFO MetaStoreDirectSql: Using direct SQL, underlying DB is DERBY
18/06/22 14:10:58 INFO ObjectStore: Initialized ObjectStore
18/06/22 14:10:58 WARN ObjectStore: Version information not found in metastore. hive.metastore.schema.verification is not enabled so recording the schema version 1.2.0
18/06/22 14:10:58 WARN ObjectStore: Failed to get database default, returning NoSuchObjectException
18/06/22 14:10:58 INFO HiveMetaStore: Added admin role in metastore
18/06/22 14:10:58 INFO HiveMetaStore: Added public role in metastore
18/06/22 14:10:58 INFO HiveMetaStore: No user is added in admin role, since config is empty
18/06/22 14:10:58 INFO HiveMetaStore: 0: get_all_databases
18/06/22 14:10:58 INFO audit: ugi=E69275	ip=unknown-ip-addr	cmd=get_all_databases	
18/06/22 14:10:58 INFO HiveMetaStore: 0: get_functions: db=default pat=*
18/06/22 14:10:58 INFO audit: ugi=E69275	ip=unknown-ip-addr	cmd=get_functions: db=default pat=*	
18/06/22 14:10:58 INFO Datastore: The class "org.apache.hadoop.hive.metastore.model.MResourceUri" is tagged as "embedded-only" so does not have its own datastore table.
18/06/22 14:10:58 INFO SessionState: Created HDFS directory: /tmp/hive/E69275
18/06/22 14:10:58 INFO SessionState: Created local directory: /tmp/E69275
18/06/22 14:10:58 INFO SessionState: Created local directory: /tmp/d4aadc23-ac68-43b1-b91e-cc0dc67fc9aa_resources
18/06/22 14:10:58 INFO SessionState: Created HDFS directory: /tmp/hive/E69275/d4aadc23-ac68-43b1-b91e-cc0dc67fc9aa
18/06/22 14:10:58 INFO SessionState: Created local directory: /tmp/E69275/d4aadc23-ac68-43b1-b91e-cc0dc67fc9aa
18/06/22 14:10:58 INFO SessionState: Created HDFS directory: /tmp/hive/E69275/d4aadc23-ac68-43b1-b91e-cc0dc67fc9aa/_tmp_space.db
18/06/22 14:10:58 INFO HiveClientImpl: Warehouse location for Hive client (version 1.2.1) is file:/home/E69275/Documents/PhD/CaliCo/spark-warehouse
18/06/22 14:10:58 INFO HiveMetaStore: 0: get_database: default
18/06/22 14:10:58 INFO audit: ugi=E69275	ip=unknown-ip-addr	cmd=get_database: default	
18/06/22 14:10:58 INFO HiveMetaStore: 0: get_database: global_temp
18/06/22 14:10:58 INFO audit: ugi=E69275	ip=unknown-ip-addr	cmd=get_database: global_temp	
18/06/22 14:10:58 WARN ObjectStore: Failed to get database global_temp, returning NoSuchObjectException
18/06/22 14:10:58 INFO SessionState: Created local directory: /tmp/f24f9521-f923-47fb-b1cc-b0646408a29c_resources
18/06/22 14:10:58 INFO SessionState: Created HDFS directory: /tmp/hive/E69275/f24f9521-f923-47fb-b1cc-b0646408a29c
18/06/22 14:10:58 INFO SessionState: Created local directory: /tmp/E69275/f24f9521-f923-47fb-b1cc-b0646408a29c
18/06/22 14:10:58 INFO SessionState: Created HDFS directory: /tmp/hive/E69275/f24f9521-f923-47fb-b1cc-b0646408a29c/_tmp_space.db
18/06/22 14:10:58 INFO HiveClientImpl: Warehouse location for Hive client (version 1.2.1) is file:/home/E69275/Documents/PhD/CaliCo/spark-warehouse
18/06/22 14:10:59 INFO StateStoreCoordinatorRef: Registered StateStoreCoordinator endpoint
18/06/22 14:10:59 INFO SparkSqlParser: Parsing command: SHOW TABLES
18/06/22 14:11:00 INFO HiveMetaStore: 0: get_database: default
18/06/22 14:11:00 INFO audit: ugi=E69275	ip=unknown-ip-addr	cmd=get_database: default	
18/06/22 14:11:00 INFO HiveMetaStore: 0: get_database: default
18/06/22 14:11:00 INFO audit: ugi=E69275	ip=unknown-ip-addr	cmd=get_database: default	
18/06/22 14:11:00 INFO HiveMetaStore: 0: get_tables: db=default pat=*
18/06/22 14:11:00 INFO audit: ugi=E69275	ip=unknown-ip-addr	cmd=get_tables: db=default pat=*	
18/06/22 14:11:00 WARN SparkSession$Builder: Using an existing SparkSession; some configuration may not take effect.
18/06/22 14:11:00 INFO SparkSqlParser: Parsing command: SHOW TABLES
18/06/22 14:11:00 INFO HiveMetaStore: 0: get_database: default
18/06/22 14:11:00 INFO audit: ugi=E69275	ip=unknown-ip-addr	cmd=get_database: default	
18/06/22 14:11:00 INFO HiveMetaStore: 0: get_database: default
18/06/22 14:11:00 INFO audit: ugi=E69275	ip=unknown-ip-addr	cmd=get_database: default	
18/06/22 14:11:00 INFO HiveMetaStore: 0: get_tables: db=default pat=*
18/06/22 14:11:00 INFO audit: ugi=E69275	ip=unknown-ip-addr	cmd=get_tables: db=default pat=*	
18/06/22 14:15:55 INFO SparkContext: Invoking stop() from shutdown hook
18/06/22 14:15:55 INFO SparkUI: Stopped Spark web UI at http://127.0.0.1:4040
18/06/22 14:15:55 INFO MapOutputTrackerMasterEndpoint: MapOutputTrackerMasterEndpoint stopped!
18/06/22 14:15:55 INFO MemoryStore: MemoryStore cleared
18/06/22 14:15:55 INFO BlockManager: BlockManager stopped
18/06/22 14:15:55 INFO BlockManagerMaster: BlockManagerMaster stopped
18/06/22 14:15:55 INFO OutputCommitCoordinator$OutputCommitCoordinatorEndpoint: OutputCommitCoordinator stopped!
18/06/22 14:15:55 INFO SparkContext: Successfully stopped SparkContext
18/06/22 14:15:55 INFO ShutdownHookManager: Shutdown hook called
18/06/22 14:15:55 INFO ShutdownHookManager: Deleting directory /tmp/spark-2353a2e8-673e-4988-acd0-078ef470b66a
